\BOOKMARK [1][-]{section.1}{Introduzione}{}% 1
\BOOKMARK [2][-]{subsection.1.1}{Contesto}{section.1}% 2
\BOOKMARK [2][-]{subsection.1.2}{Strutturazione del documento}{section.1}% 3
\BOOKMARK [2][-]{subsection.1.3}{Concetti preliminari}{section.1}% 4
\BOOKMARK [1][-]{section.2}{Machine Learning e Probabilistic Graphical Models}{}% 5
\BOOKMARK [2][-]{subsection.2.1}{Machine Learning}{section.2}% 6
\BOOKMARK [3][-]{subsubsection.2.1.1}{Tipologie di apprendimento}{subsection.2.1}% 7
\BOOKMARK [3][-]{subsubsection.2.1.2}{Valutazione}{subsection.2.1}% 8
\BOOKMARK [3][-]{subsubsection.2.1.3}{Density Estimation}{subsection.2.1}% 9
\BOOKMARK [2][-]{subsection.2.2}{Probabilistic Graphical Models}{section.2}% 10
\BOOKMARK [3][-]{subsubsection.2.2.1}{Reti Bayesiane}{subsection.2.2}% 11
\BOOKMARK [3][-]{subsubsection.2.2.2}{Alberi di Chow-Liu}{subsection.2.2}% 12
\BOOKMARK [3][-]{subsubsection.2.2.3}{Misture di PGM}{subsection.2.2}% 13
\BOOKMARK [3][-]{subsubsection.2.2.4}{Alberi OR}{subsection.2.2}% 14
\BOOKMARK [3][-]{subsubsection.2.2.5}{Cutset Networks}{subsection.2.2}% 15
\BOOKMARK [3][-]{subsubsection.2.2.6}{Apprendimento delle Cutset Networks}{subsection.2.2}% 16
\BOOKMARK [3][-]{subsubsection.2.2.7}{Decomposability based Cutset Network learning}{subsection.2.2}% 17
\BOOKMARK [1][-]{section.3}{Tecniche di Stochastic Local Search}{}% 18
\BOOKMARK [2][-]{subsection.3.1}{Ricerca locale e problemi combinatoriali}{section.3}% 19
\BOOKMARK [3][-]{subsubsection.3.1.1}{Paradigmi di ricerca}{subsection.3.1}% 20
\BOOKMARK [2][-]{subsection.3.2}{Ricerca stocastica}{section.3}% 21
\BOOKMARK [2][-]{subsection.3.3}{Iterative improvement}{section.3}% 22
\BOOKMARK [2][-]{subsection.3.4}{Randomised iterative improvement}{section.3}% 23
\BOOKMARK [2][-]{subsection.3.5}{Greedy Randomised Adaptive Search Procedures}{section.3}% 24
\BOOKMARK [1][-]{section.4}{Stochastic Local Search per Cutset Network}{}% 25
\BOOKMARK [2][-]{subsection.4.1}{Apprendimento di foreste}{section.4}% 26
\BOOKMARK [2][-]{subsection.4.2}{Aggiunta di rumore}{section.4}% 27
\BOOKMARK [2][-]{subsection.4.3}{Stochastic Local Search per l'apprendimento di Cutset Network}{section.4}% 28
\BOOKMARK [1][-]{section.5}{Sperimentazioni}{}% 29
\BOOKMARK [2][-]{subsection.5.1}{Datasets}{section.5}% 30
\BOOKMARK [2][-]{subsection.5.2}{Dettagli implementativi}{section.5}% 31
\BOOKMARK [2][-]{subsection.5.3}{Risultati}{section.5}% 32
\BOOKMARK [3][-]{subsubsection.5.3.1}{nltcs}{subsection.5.3}% 33
\BOOKMARK [3][-]{subsubsection.5.3.2}{msnbc}{subsection.5.3}% 34
\BOOKMARK [3][-]{subsubsection.5.3.3}{plants}{subsection.5.3}% 35
\BOOKMARK [3][-]{subsubsection.5.3.4}{audio}{subsection.5.3}% 36
\BOOKMARK [3][-]{subsubsection.5.3.5}{jester}{subsection.5.3}% 37
\BOOKMARK [3][-]{subsubsection.5.3.6}{accidents}{subsection.5.3}% 38
\BOOKMARK [2][-]{subsection.5.4}{Discussione}{section.5}% 39
\BOOKMARK [3][-]{subsubsection.5.4.1}{Versione originale di base}{subsection.5.4}% 40
\BOOKMARK [3][-]{subsubsection.5.4.2}{Iterative improvement}{subsection.5.4}% 41
\BOOKMARK [3][-]{subsubsection.5.4.3}{Randomised iterative improvement}{subsection.5.4}% 42
\BOOKMARK [3][-]{subsubsection.5.4.4}{GRASP}{subsection.5.4}% 43
\BOOKMARK [1][-]{section.6}{Conclusioni}{}% 44
\BOOKMARK [1][-]{section*.25}{Ringraziamenti}{}% 45
\BOOKMARK [1][-]{section*.26}{Riferimenti bibliografici}{}% 46
